生成启动时间为 2013/11/5 16:43:54。
     1>项目“E:\workplace_vs\cocos2d-x-2.1.4\DiabloWorldClient\proj.win32\DiabloWorldClient.win32.vcxproj”在节点 2 上(Build 个目标)。
     1>ClCompile:
         D:\Program Files\Microsoft Visual Studio 11.0\VC\bin\CL.exe /c /I. /I..\Classes /I"E:\workplace_vs\cocos2d-x-2.1.4\cocos2dx" /I"E:\workplace_vs\cocos2d-x-2.1.4\cocos2dx\include" /I"E:\workplace_vs\cocos2d-x-2.1.4\cocos2dx\kazmath\include" /I"E:\workplace_vs\cocos2d-x-2.1.4\cocos2dx\platform\win32" /I"E:\workplace_vs\cocos2d-x-2.1.4\cocos2dx\platform\third_party\win32" /I"E:\workplace_vs\cocos2d-x-2.1.4\cocos2dx\platform\third_party\win32\OGLES" /I"E:\workplace_vs\cocos2d-x-2.1.4\external" /I"E:\workplace_vs\cocos2d-x-2.1.4\CocosDenshion\include" /I"E:\workplace_vs\cocos2d-x-2.1.4\cocos2dx\include" /I"E:\workplace_vs\cocos2d-x-2.1.4\extensions" /I"E:\workplace_vs\cocos2d-x-2.1.4\extensions\GUI\CCScrollView" /I"E:\workplace_vs\cocos2d-x-2.1.4\cocos2dx\platform\third_party\win32\pthread" /ZI /nologo /W3 /WX- /Od /Oy- /D WIN32 /D _WINDOWS /D STRICT /D _CRT_SECURE_NO_WARNINGS /D _SCL_SECURE_NO_WARNINGS_DEBUG /D COCOS2D_DEBUG=1 /D _UNICODE /D UNICODE /Gm /EHsc /RTC1 /MDd /GS /fp:precise /Zc:wchar_t /Zc:forScope /Fo"Debug.win32\\" /Fd"Debug.win32\vc110.pdb" /Gd /TP /wd4267 /wd4251 /wd4244 /analyze- /errorReport:prompt ..\Classes\buzhen\newBuZhen.cpp ..\Classes\employment\friendemploy.cpp ..\Classes\friendemploy.cpp ..\Classes\headFile\zhujiemian\ArenaWindow.cpp ..\Classes\headFile\zhujiemian\LevelMap.cpp ..\Classes\headFile\zhujiemian\MailWrite.cpp ..\Classes\headFile\zhujiemian\homePage.cpp ..\Classes\hecheng\CHecheng.cpp ..\Classes\hecheng\hcbag.cpp ..\Classes\loginregister\LayerLogin.cpp ..\Classes\loginregister\xuanren.cpp
         xuanren.cpp
     1>e:\workplace_vs\cocos2d-x-2.1.4\diabloworldclient\classes\loginregister\xuanren.cpp(28): warning C4305: “参数”: 从“double”到“float”截断
     1>e:\workplace_vs\cocos2d-x-2.1.4\diabloworldclient\classes\loginregister\xuanren.cpp(62): warning C4305: “参数”: 从“double”到“float”截断
     1>e:\workplace_vs\cocos2d-x-2.1.4\diabloworldclient\classes\loginregister\xuanren.cpp(78): warning C4305: “参数”: 从“double”到“float”截断
     1>e:\workplace_vs\cocos2d-x-2.1.4\diabloworldclient\classes\loginregister\xuanren.cpp(92): warning C4305: “参数”: 从“double”到“float”截断
     1>e:\workplace_vs\cocos2d-x-2.1.4\diabloworldclient\classes\loginregister\xuanren.cpp(223): warning C4305: “参数”: 从“double”到“float”截断
     1>e:\workplace_vs\cocos2d-x-2.1.4\diabloworldclient\classes\loginregister\xuanren.cpp(251): warning C4305: “参数”: 从“double”到“float”截断
     1>e:\workplace_vs\cocos2d-x-2.1.4\diabloworldclient\classes\loginregister\xuanren.cpp(285): warning C4305: “参数”: 从“double”到“float”截断
     1>e:\workplace_vs\cocos2d-x-2.1.4\diabloworldclient\classes\loginregister\xuanren.cpp(318): warning C4305: “参数”: 从“double”到“float”截断
         LayerLogin.cpp
     1>e:\workplace_vs\cocos2d-x-2.1.4\diabloworldclient\classes\loginregister\layerlogin.cpp(223): warning C4305: “参数”: 从“double”到“float”截断
     1>e:\workplace_vs\cocos2d-x-2.1.4\diabloworldclient\classes\loginregister\layerlogin.cpp(262): warning C4305: “参数”: 从“double”到“float”截断
     1>e:\workplace_vs\cocos2d-x-2.1.4\diabloworldclient\classes\loginregister\layerlogin.cpp(286): warning C4305: “参数”: 从“double”到“float”截断
     1>e:\workplace_vs\cocos2d-x-2.1.4\diabloworldclient\classes\loginregister\layerlogin.cpp(307): warning C4305: “参数”: 从“double”到“float”截断
     1>e:\workplace_vs\cocos2d-x-2.1.4\diabloworldclient\classes\loginregister\layerlogin.cpp(320): warning C4305: “参数”: 从“double”到“float”截断
         hcbag.cpp
     1>e:\workplace_vs\cocos2d-x-2.1.4\diabloworldclient\classes\hecheng\hcbag.cpp(106): warning C4018: “<”: 有符号/无符号不匹配
     1>e:\workplace_vs\cocos2d-x-2.1.4\diabloworldclient\classes\hecheng\hcbag.cpp(158): warning C4305: “参数”: 从“double”到“float”截断
     1>e:\workplace_vs\cocos2d-x-2.1.4\diabloworldclient\classes\hecheng\hcbag.cpp(170): warning C4305: “参数”: 从“double”到“float”截断
     1>e:\workplace_vs\cocos2d-x-2.1.4\diabloworldclient\classes\hecheng\hcbag.cpp(228): warning C4305: “参数”: 从“double”到“float”截断
         CHecheng.cpp
     1>e:\workplace_vs\cocos2d-x-2.1.4\diabloworldclient\classes\hecheng\checheng.cpp(134): warning C4305: “参数”: 从“double”到“float”截断
     1>e:\workplace_vs\cocos2d-x-2.1.4\diabloworldclient\classes\hecheng\checheng.cpp(157): warning C4305: “参数”: 从“double”到“float”截断
     1>e:\workplace_vs\cocos2d-x-2.1.4\diabloworldclient\classes\hecheng\checheng.cpp(158): warning C4305: “参数”: 从“double”到“float”截断
     1>e:\workplace_vs\cocos2d-x-2.1.4\diabloworldclient\classes\hecheng\checheng.cpp(159): warning C4305: “参数”: 从“double”到“float”截断
     1>e:\workplace_vs\cocos2d-x-2.1.4\diabloworldclient\classes\hecheng\checheng.cpp(160): warning C4305: “参数”: 从“double”到“float”截断
     1>e:\workplace_vs\cocos2d-x-2.1.4\diabloworldclient\classes\hecheng\checheng.cpp(248): warning C4305: “参数”: 从“double”到“float”截断
         homePage.cpp
         MailWrite.cpp
         LevelMap.cpp
         ArenaWindow.cpp
     1>e:\workplace_vs\cocos2d-x-2.1.4\diabloworldclient\classes\headfile\zhujiemian\arenawindow.cpp(192): warning C4305: “参数”: 从“double”到“float”截断
         friendemploy.cpp
     1>e:\workplace_vs\cocos2d-x-2.1.4\diabloworldclient\classes\friendemploy.cpp(60): warning C4305: “参数”: 从“double”到“float”截断
     1>e:\workplace_vs\cocos2d-x-2.1.4\diabloworldclient\classes\friendemploy.cpp(190): warning C4018: “<”: 有符号/无符号不匹配
     1>e:\workplace_vs\cocos2d-x-2.1.4\diabloworldclient\classes\friendemploy.cpp(208): warning C4018: “<”: 有符号/无符号不匹配
     1>e:\workplace_vs\cocos2d-x-2.1.4\diabloworldclient\classes\friendemploy.cpp(227): warning C4018: “<”: 有符号/无符号不匹配
         friendemploy.cpp
     1>e:\workplace_vs\cocos2d-x-2.1.4\diabloworldclient\classes\employment\friendemploy.cpp(60): warning C4305: “参数”: 从“double”到“float”截断
     1>e:\workplace_vs\cocos2d-x-2.1.4\diabloworldclient\classes\employment\friendemploy.cpp(190): warning C4018: “<”: 有符号/无符号不匹配
     1>e:\workplace_vs\cocos2d-x-2.1.4\diabloworldclient\classes\employment\friendemploy.cpp(208): warning C4018: “<”: 有符号/无符号不匹配
     1>e:\workplace_vs\cocos2d-x-2.1.4\diabloworldclient\classes\employment\friendemploy.cpp(227): warning C4018: “<”: 有符号/无符号不匹配
         newBuZhen.cpp
     1>e:\workplace_vs\cocos2d-x-2.1.4\diabloworldclient\classes\buzhen\newbuzhen.cpp(452): warning C4018: “<”: 有符号/无符号不匹配
     1>e:\workplace_vs\cocos2d-x-2.1.4\diabloworldclient\classes\buzhen\newbuzhen.cpp(534): warning C4018: “<”: 有符号/无符号不匹配
         正在生成代码...
       Link:
         D:\Program Files\Microsoft Visual Studio 11.0\VC\bin\link.exe /ERRORREPORT:PROMPT /OUT:"E:\workplace_vs\cocos2d-x-2.1.4\Debug.win32\DiabloWorldClient.win32.exe" /INCREMENTAL /NOLOGO /LIBPATH:"E:\workplace_vs\cocos2d-x-2.1.4\Debug.win32\\" libcocos2d.lib opengl32.lib glew32.lib libBox2d.lib libCocosDenshion.lib libExtensions.lib pthreadVCE2.lib Ws2_32.lib kernel32.lib user32.lib gdi32.lib winspool.lib comdlg32.lib advapi32.lib shell32.lib ole32.lib oleaut32.lib uuid.lib odbc32.lib odbccp32.lib /MANIFEST /MANIFESTUAC:"level='asInvoker' uiAccess='false'" /manifest:embed /DEBUG /PDB:"E:\workplace_vs\cocos2d-x-2.1.4\Debug.win32\DiabloWorldClient.win32.pdb" /SUBSYSTEM:WINDOWS /TLBID:1 /DYNAMICBASE /NXCOMPAT /IMPLIB:"E:\workplace_vs\cocos2d-x-2.1.4\Debug.win32\DiabloWorldClient.win32.lib" /MACHINE:X86 Debug.win32\AnimatePacker.obj
         Debug.win32\AppDelegate.obj
         Debug.win32\heroItem.obj
         Debug.win32\newBuZhen.obj
         Debug.win32\CData.obj
         Debug.win32\friendemploy.obj
         Debug.win32\friendemploycell.obj
         Debug.win32\friendemploylog.obj
         Debug.win32\friendemploypop.obj
         Debug.win32\friendinfo.obj
         Debug.win32\friendmain.obj
         Debug.win32\MyMenu.obj
         Debug.win32\MyTableView.obj
         Debug.win32\ByteBuffer.obj
         Debug.win32\message.obj
         Debug.win32\MessageQueue.obj
         Debug.win32\SocketClient.obj
         Debug.win32\SocketManager.obj
         Debug.win32\Util.obj
         Debug.win32\FireWork.obj
         Debug.win32\friendemploy.obj
         Debug.win32\friendemploycell.obj
         Debug.win32\friendemploylog.obj
         Debug.win32\friendemploypop.obj
         Debug.win32\friendinfo.obj
         Debug.win32\friendmain.obj
         Debug.win32\GameOver.obj
         Debug.win32\goodsItem.obj
         Debug.win32\ArenaWindow.obj
         Debug.win32\CustomPop.obj
         Debug.win32\homePage.obj
         Debug.win32\LevelMap.obj
         Debug.win32\MailInfo.obj
         Debug.win32\MailRead.obj
         Debug.win32\MailRenderer.obj
         Debug.win32\MailWindow.obj
         Debug.win32\MailWrite.obj
         Debug.win32\popwindow.obj
         Debug.win32\zhuangtaiLoad.obj
         Debug.win32\CHecheng.obj
         Debug.win32\hcbag.obj
         Debug.win32\hcgoodsitem.obj
         Debug.win32\hctooltip.obj
         Debug.win32\HelloWorldScene.obj
         Debug.win32\json_reader.obj
         Debug.win32\json_value.obj
         Debug.win32\json_writer.obj
         Debug.win32\LodingLayer.obj
         Debug.win32\LayerLogin.obj
         Debug.win32\logo.obj
         Debug.win32\startAnimate.obj
         Debug.win32\xuanren.obj
         Debug.win32\next.obj
         Debug.win32\personalinfo.obj
         Debug.win32\PersonFire.obj
         Debug.win32\skillList.obj
         Debug.win32\TeXiao.obj
         Debug.win32\tiplayer.obj
         Debug.win32\UserDataModel.obj
         Debug.win32\LanguageManager.obj
         Debug.win32\MyXmlParser.obj
         Debug.win32\main.obj
     1>Debug.win32\friendemploy.obj : warning LNK4042: 对象被多次指定；已忽略多余的指定
     1>Debug.win32\friendemploycell.obj : warning LNK4042: 对象被多次指定；已忽略多余的指定
     1>Debug.win32\friendemploylog.obj : warning LNK4042: 对象被多次指定；已忽略多余的指定
     1>Debug.win32\friendemploypop.obj : warning LNK4042: 对象被多次指定；已忽略多余的指定
     1>Debug.win32\friendinfo.obj : warning LNK4042: 对象被多次指定；已忽略多余的指定
     1>Debug.win32\friendmain.obj : warning LNK4042: 对象被多次指定；已忽略多余的指定
     1>libExtensions.lib(CCControl.obj) : warning LNK4099: 未找到 PDB“vc110.pdb”(使用“libExtensions.lib(CCControl.obj)”或在“E:\workplace_vs\cocos2d-x-2.1.4\Debug.win32\vc110.pdb”中寻找)；正在链接对象，如同没有调试信息一样
     1>libExtensions.lib(CCControlButton.obj) : warning LNK4099: 未找到 PDB“vc110.pdb”(使用“libExtensions.lib(CCControlButton.obj)”或在“E:\workplace_vs\cocos2d-x-2.1.4\Debug.win32\vc110.pdb”中寻找)；正在链接对象，如同没有调试信息一样
     1>libExtensions.lib(CCControlUtils.obj) : warning LNK4099: 未找到 PDB“vc110.pdb”(使用“libExtensions.lib(CCControlUtils.obj)”或在“E:\workplace_vs\cocos2d-x-2.1.4\Debug.win32\vc110.pdb”中寻找)；正在链接对象，如同没有调试信息一样
     1>libExtensions.lib(CCInvocation.obj) : warning LNK4099: 未找到 PDB“vc110.pdb”(使用“libExtensions.lib(CCInvocation.obj)”或在“E:\workplace_vs\cocos2d-x-2.1.4\Debug.win32\vc110.pdb”中寻找)；正在链接对象，如同没有调试信息一样
     1>libExtensions.lib(CCScale9Sprite.obj) : warning LNK4099: 未找到 PDB“vc110.pdb”(使用“libExtensions.lib(CCScale9Sprite.obj)”或在“E:\workplace_vs\cocos2d-x-2.1.4\Debug.win32\vc110.pdb”中寻找)；正在链接对象，如同没有调试信息一样
     1>libExtensions.lib(CCEditBox.obj) : warning LNK4099: 未找到 PDB“vc110.pdb”(使用“libExtensions.lib(CCEditBox.obj)”或在“E:\workplace_vs\cocos2d-x-2.1.4\Debug.win32\vc110.pdb”中寻找)；正在链接对象，如同没有调试信息一样
     1>libExtensions.lib(CCEditBoxImplWin.obj) : warning LNK4099: 未找到 PDB“vc110.pdb”(使用“libExtensions.lib(CCEditBoxImplWin.obj)”或在“E:\workplace_vs\cocos2d-x-2.1.4\Debug.win32\vc110.pdb”中寻找)；正在链接对象，如同没有调试信息一样
     1>libExtensions.lib(CCScrollView.obj) : warning LNK4099: 未找到 PDB“vc110.pdb”(使用“libExtensions.lib(CCScrollView.obj)”或在“E:\workplace_vs\cocos2d-x-2.1.4\Debug.win32\vc110.pdb”中寻找)；正在链接对象，如同没有调试信息一样
     1>libExtensions.lib(CCSorting.obj) : warning LNK4099: 未找到 PDB“vc110.pdb”(使用“libExtensions.lib(CCSorting.obj)”或在“E:\workplace_vs\cocos2d-x-2.1.4\Debug.win32\vc110.pdb”中寻找)；正在链接对象，如同没有调试信息一样
     1>libExtensions.lib(CCTableView.obj) : warning LNK4099: 未找到 PDB“vc110.pdb”(使用“libExtensions.lib(CCTableView.obj)”或在“E:\workplace_vs\cocos2d-x-2.1.4\Debug.win32\vc110.pdb”中寻找)；正在链接对象，如同没有调试信息一样
     1>libExtensions.lib(CCTableViewCell.obj) : warning LNK4099: 未找到 PDB“vc110.pdb”(使用“libExtensions.lib(CCTableViewCell.obj)”或在“E:\workplace_vs\cocos2d-x-2.1.4\Debug.win32\vc110.pdb”中寻找)；正在链接对象，如同没有调试信息一样
     1>libExtensions.lib(Win32InputBox.obj) : warning LNK4099: 未找到 PDB“vc110.pdb”(使用“libExtensions.lib(Win32InputBox.obj)”或在“E:\workplace_vs\cocos2d-x-2.1.4\Debug.win32\vc110.pdb”中寻找)；正在链接对象，如同没有调试信息一样
         DiabloWorldClient.win32.vcxproj -> E:\workplace_vs\cocos2d-x-2.1.4\Debug.win32\DiabloWorldClient.win32.exe
     1>已完成生成项目“E:\workplace_vs\cocos2d-x-2.1.4\DiabloWorldClient\proj.win32\DiabloWorldClient.win32.vcxproj”(Build 个目标)的操作。

生成成功。

已用时间 00:01:11.65
