E:\WORKPLACE_VS\COCOS2D-X-2.1.4\DIABLOWORLDCLIENT\PROJ.WIN32\DEBUG.WIN32\HCTOOLTIP.OBJ
E:\WORKPLACE_VS\COCOS2D-X-2.1.4\DIABLOWORLDCLIENT\PROJ.WIN32\DEBUG.WIN32\HELLOWORLDSCENE.OBJ
E:\WORKPLACE_VS\COCOS2D-X-2.1.4\DIABLOWORLDCLIENT\PROJ.WIN32\DEBUG.WIN32\JSON_READER.OBJ
E:\WORKPLACE_VS\COCOS2D-X-2.1.4\DIABLOWORLDCLIENT\PROJ.WIN32\DEBUG.WIN32\JSON_VALUE.OBJ
E:\WORKPLACE_VS\COCOS2D-X-2.1.4\DIABLOWORLDCLIENT\PROJ.WIN32\DEBUG.WIN32\JSON_WRITER.OBJ
E:\WORKPLACE_VS\COCOS2D-X-2.1.4\DIABLOWORLDCLIENT\PROJ.WIN32\DEBUG.WIN32\LODINGLAYER.OBJ
E:\WORKPLACE_VS\COCOS2D-X-2.1.4\DIABLOWORLDCLIENT\PROJ.WIN32\DEBUG.WIN32\LAYERLOGIN.OBJ
E:\WORKPLACE_VS\COCOS2D-X-2.1.4\DIABLOWORLDCLIENT\PROJ.WIN32\DEBUG.WIN32\LOGO.OBJ
E:\WORKPLACE_VS\COCOS2D-X-2.1.4\DIABLOWORLDCLIENT\PROJ.WIN32\DEBUG.WIN32\STARTANIMATE.OBJ
E:\WORKPLACE_VS\COCOS2D-X-2.1.4\DIABLOWORLDCLIENT\PROJ.WIN32\DEBUG.WIN32\XUANREN.OBJ
E:\WORKPLACE_VS\COCOS2D-X-2.1.4\DIABLOWORLDCLIENT\PROJ.WIN32\DEBUG.WIN32\NEXT.OBJ
E:\WORKPLACE_VS\COCOS2D-X-2.1.4\DIABLOWORLDCLIENT\PROJ.WIN32\DEBUG.WIN32\PERSONALINFO.OBJ
E:\WORKPLACE_VS\COCOS2D-X-2.1.4\DIABLOWORLDCLIENT\PROJ.WIN32\DEBUG.WIN32\PERSONFIRE.OBJ
E:\WORKPLACE_VS\COCOS2D-X-2.1.4\DIABLOWORLDCLIENT\PROJ.WIN32\DEBUG.WIN32\SKILLLIST.OBJ
E:\WORKPLACE_VS\COCOS2D-X-2.1.4\DIABLOWORLDCLIENT\PROJ.WIN32\DEBUG.WIN32\TEXIAO.OBJ
E:\WORKPLACE_VS\COCOS2D-X-2.1.4\DIABLOWORLDCLIENT\PROJ.WIN32\DEBUG.WIN32\TIPLAYER.OBJ
E:\WORKPLACE_VS\COCOS2D-X-2.1.4\DIABLOWORLDCLIENT\PROJ.WIN32\DEBUG.WIN32\USERDATAMODEL.OBJ
E:\WORKPLACE_VS\COCOS2D-X-2.1.4\DIABLOWORLDCLIENT\PROJ.WIN32\DEBUG.WIN32\LANGUAGEMANAGER.OBJ
E:\WORKPLACE_VS\COCOS2D-X-2.1.4\DIABLOWORLDCLIENT\PROJ.WIN32\DEBUG.WIN32\MYXMLPARSER.OBJ
E:\WORKPLACE_VS\COCOS2D-X-2.1.4\DIABLOWORLDCLIENT\PROJ.WIN32\DEBUG.WIN32\MAIN.OBJ
E:\WORKPLACE_VS\COCOS2D-X-2.1.4\DIABLOWORLDCLIENT\PROJ.WIN32\DEBUG.WIN32\FRIENDEMPLOYLOG.OBJ
E:\WORKPLACE_VS\COCOS2D-X-2.1.4\DIABLOWORLDCLIENT\PROJ.WIN32\DEBUG.WIN32\FRIENDEMPLOYPOP.OBJ
E:\WORKPLACE_VS\COCOS2D-X-2.1.4\DIABLOWORLDCLIENT\PROJ.WIN32\DEBUG.WIN32\FRIENDINFO.OBJ
E:\WORKPLACE_VS\COCOS2D-X-2.1.4\DIABLOWORLDCLIENT\PROJ.WIN32\DEBUG.WIN32\FRIENDMAIN.OBJ
E:\WORKPLACE_VS\COCOS2D-X-2.1.4\DIABLOWORLDCLIENT\PROJ.WIN32\DEBUG.WIN32\GAMEOVER.OBJ
E:\WORKPLACE_VS\COCOS2D-X-2.1.4\DIABLOWORLDCLIENT\PROJ.WIN32\DEBUG.WIN32\GOODSITEM.OBJ
E:\WORKPLACE_VS\COCOS2D-X-2.1.4\DIABLOWORLDCLIENT\PROJ.WIN32\DEBUG.WIN32\ARENAWINDOW.OBJ
E:\WORKPLACE_VS\COCOS2D-X-2.1.4\DIABLOWORLDCLIENT\PROJ.WIN32\DEBUG.WIN32\CUSTOMPOP.OBJ
E:\WORKPLACE_VS\COCOS2D-X-2.1.4\DIABLOWORLDCLIENT\PROJ.WIN32\DEBUG.WIN32\HOMEPAGE.OBJ
E:\WORKPLACE_VS\COCOS2D-X-2.1.4\DIABLOWORLDCLIENT\PROJ.WIN32\DEBUG.WIN32\LEVELMAP.OBJ
E:\WORKPLACE_VS\COCOS2D-X-2.1.4\DIABLOWORLDCLIENT\PROJ.WIN32\DEBUG.WIN32\MAILINFO.OBJ
E:\WORKPLACE_VS\COCOS2D-X-2.1.4\DIABLOWORLDCLIENT\PROJ.WIN32\DEBUG.WIN32\MAILREAD.OBJ
E:\WORKPLACE_VS\COCOS2D-X-2.1.4\DIABLOWORLDCLIENT\PROJ.WIN32\DEBUG.WIN32\MAILRENDERER.OBJ
E:\WORKPLACE_VS\COCOS2D-X-2.1.4\DIABLOWORLDCLIENT\PROJ.WIN32\DEBUG.WIN32\MAILWINDOW.OBJ
E:\WORKPLACE_VS\COCOS2D-X-2.1.4\DIABLOWORLDCLIENT\PROJ.WIN32\DEBUG.WIN32\MAILWRITE.OBJ
E:\WORKPLACE_VS\COCOS2D-X-2.1.4\DIABLOWORLDCLIENT\PROJ.WIN32\DEBUG.WIN32\POPWINDOW.OBJ
E:\WORKPLACE_VS\COCOS2D-X-2.1.4\DIABLOWORLDCLIENT\PROJ.WIN32\DEBUG.WIN32\ZHUANGTAILOAD.OBJ
E:\WORKPLACE_VS\COCOS2D-X-2.1.4\DIABLOWORLDCLIENT\PROJ.WIN32\DEBUG.WIN32\CHECHENG.OBJ
E:\WORKPLACE_VS\COCOS2D-X-2.1.4\DIABLOWORLDCLIENT\PROJ.WIN32\DEBUG.WIN32\HCBAG.OBJ
E:\WORKPLACE_VS\COCOS2D-X-2.1.4\DIABLOWORLDCLIENT\PROJ.WIN32\DEBUG.WIN32\HCGOODSITEM.OBJ
E:\WORKPLACE_VS\COCOS2D-X-2.1.4\DIABLOWORLDCLIENT\PROJ.WIN32\DEBUG.WIN32\HEROITEM.OBJ
E:\WORKPLACE_VS\COCOS2D-X-2.1.4\DIABLOWORLDCLIENT\PROJ.WIN32\DEBUG.WIN32\NEWBUZHEN.OBJ
E:\WORKPLACE_VS\COCOS2D-X-2.1.4\DIABLOWORLDCLIENT\PROJ.WIN32\DEBUG.WIN32\CDATA.OBJ
E:\WORKPLACE_VS\COCOS2D-X-2.1.4\DIABLOWORLDCLIENT\PROJ.WIN32\DEBUG.WIN32\FRIENDEMPLOY.OBJ
E:\WORKPLACE_VS\COCOS2D-X-2.1.4\DIABLOWORLDCLIENT\PROJ.WIN32\DEBUG.WIN32\FRIENDEMPLOYCELL.OBJ
E:\WORKPLACE_VS\COCOS2D-X-2.1.4\DIABLOWORLDCLIENT\PROJ.WIN32\DEBUG.WIN32\MYMENU.OBJ
E:\WORKPLACE_VS\COCOS2D-X-2.1.4\DIABLOWORLDCLIENT\PROJ.WIN32\DEBUG.WIN32\MYTABLEVIEW.OBJ
E:\WORKPLACE_VS\COCOS2D-X-2.1.4\DIABLOWORLDCLIENT\PROJ.WIN32\DEBUG.WIN32\BYTEBUFFER.OBJ
E:\WORKPLACE_VS\COCOS2D-X-2.1.4\DIABLOWORLDCLIENT\PROJ.WIN32\DEBUG.WIN32\MESSAGE.OBJ
E:\WORKPLACE_VS\COCOS2D-X-2.1.4\DIABLOWORLDCLIENT\PROJ.WIN32\DEBUG.WIN32\MESSAGEQUEUE.OBJ
E:\WORKPLACE_VS\COCOS2D-X-2.1.4\DIABLOWORLDCLIENT\PROJ.WIN32\DEBUG.WIN32\SOCKETCLIENT.OBJ
E:\WORKPLACE_VS\COCOS2D-X-2.1.4\DIABLOWORLDCLIENT\PROJ.WIN32\DEBUG.WIN32\SOCKETMANAGER.OBJ
E:\WORKPLACE_VS\COCOS2D-X-2.1.4\DIABLOWORLDCLIENT\PROJ.WIN32\DEBUG.WIN32\UTIL.OBJ
E:\WORKPLACE_VS\COCOS2D-X-2.1.4\DIABLOWORLDCLIENT\PROJ.WIN32\DEBUG.WIN32\FIREWORK.OBJ
E:\WORKPLACE_VS\COCOS2D-X-2.1.4\DIABLOWORLDCLIENT\PROJ.WIN32\DEBUG.WIN32\ANIMATEPACKER.OBJ
E:\WORKPLACE_VS\COCOS2D-X-2.1.4\DIABLOWORLDCLIENT\PROJ.WIN32\DEBUG.WIN32\APPDELEGATE.OBJ
E:\WORKPLACE_VS\COCOS2D-X-2.1.4\DIABLOWORLDCLIENT\PROJ.WIN32\DEBUG.WIN32\VC110.PDB
E:\WORKPLACE_VS\COCOS2D-X-2.1.4\DEBUG.WIN32\DIABLOWORLDCLIENT.WIN32.ILK
E:\WORKPLACE_VS\COCOS2D-X-2.1.4\DEBUG.WIN32\DIABLOWORLDCLIENT.WIN32.EXE
E:\WORKPLACE_VS\COCOS2D-X-2.1.4\DEBUG.WIN32\DIABLOWORLDCLIENT.WIN32.PDB
E:\workplace_vs\cocos2d-x-2.1.4\DiabloWorldClient\proj.win32\Debug.win32\AnimatePacker.obj
E:\workplace_vs\cocos2d-x-2.1.4\DiabloWorldClient\proj.win32\Debug.win32\AppDelegate.obj
E:\workplace_vs\cocos2d-x-2.1.4\DiabloWorldClient\proj.win32\Debug.win32\ArenaWindow.obj
E:\workplace_vs\cocos2d-x-2.1.4\DiabloWorldClient\proj.win32\Debug.win32\ByteBuffer.obj
E:\workplace_vs\cocos2d-x-2.1.4\DiabloWorldClient\proj.win32\Debug.win32\CData.obj
E:\workplace_vs\cocos2d-x-2.1.4\DiabloWorldClient\proj.win32\Debug.win32\CHecheng.obj
E:\workplace_vs\cocos2d-x-2.1.4\DiabloWorldClient\proj.win32\Debug.win32\CustomPop.obj
E:\workplace_vs\cocos2d-x-2.1.4\DiabloWorldClient\proj.win32\Debug.win32\FireWork.obj
E:\workplace_vs\cocos2d-x-2.1.4\DiabloWorldClient\proj.win32\Debug.win32\friendemploy.obj
E:\workplace_vs\cocos2d-x-2.1.4\DiabloWorldClient\proj.win32\Debug.win32\friendemploycell.obj
E:\workplace_vs\cocos2d-x-2.1.4\DiabloWorldClient\proj.win32\Debug.win32\friendemploylog.obj
E:\workplace_vs\cocos2d-x-2.1.4\DiabloWorldClient\proj.win32\Debug.win32\friendemploypop.obj
E:\workplace_vs\cocos2d-x-2.1.4\DiabloWorldClient\proj.win32\Debug.win32\friendinfo.obj
E:\workplace_vs\cocos2d-x-2.1.4\DiabloWorldClient\proj.win32\Debug.win32\friendmain.obj
E:\workplace_vs\cocos2d-x-2.1.4\DiabloWorldClient\proj.win32\Debug.win32\GameOver.obj
E:\workplace_vs\cocos2d-x-2.1.4\DiabloWorldClient\proj.win32\Debug.win32\goodsItem.obj
E:\workplace_vs\cocos2d-x-2.1.4\DiabloWorldClient\proj.win32\Debug.win32\hcbag.obj
E:\workplace_vs\cocos2d-x-2.1.4\DiabloWorldClient\proj.win32\Debug.win32\hcgoodsitem.obj
E:\workplace_vs\cocos2d-x-2.1.4\DiabloWorldClient\proj.win32\Debug.win32\hctooltip.obj
E:\workplace_vs\cocos2d-x-2.1.4\DiabloWorldClient\proj.win32\Debug.win32\HelloWorldScene.obj
E:\workplace_vs\cocos2d-x-2.1.4\DiabloWorldClient\proj.win32\Debug.win32\heroItem.obj
E:\workplace_vs\cocos2d-x-2.1.4\DiabloWorldClient\proj.win32\Debug.win32\homePage.obj
E:\workplace_vs\cocos2d-x-2.1.4\DiabloWorldClient\proj.win32\Debug.win32\json_reader.obj
E:\workplace_vs\cocos2d-x-2.1.4\DiabloWorldClient\proj.win32\Debug.win32\json_value.obj
E:\workplace_vs\cocos2d-x-2.1.4\DiabloWorldClient\proj.win32\Debug.win32\json_writer.obj
E:\workplace_vs\cocos2d-x-2.1.4\DiabloWorldClient\proj.win32\Debug.win32\LanguageManager.obj
E:\workplace_vs\cocos2d-x-2.1.4\DiabloWorldClient\proj.win32\Debug.win32\LayerLogin.obj
E:\workplace_vs\cocos2d-x-2.1.4\DiabloWorldClient\proj.win32\Debug.win32\LevelMap.obj
E:\workplace_vs\cocos2d-x-2.1.4\DiabloWorldClient\proj.win32\Debug.win32\LodingLayer.obj
E:\workplace_vs\cocos2d-x-2.1.4\DiabloWorldClient\proj.win32\Debug.win32\logo.obj
E:\workplace_vs\cocos2d-x-2.1.4\DiabloWorldClient\proj.win32\Debug.win32\MailInfo.obj
E:\workplace_vs\cocos2d-x-2.1.4\DiabloWorldClient\proj.win32\Debug.win32\MailRead.obj
E:\workplace_vs\cocos2d-x-2.1.4\DiabloWorldClient\proj.win32\Debug.win32\MailRenderer.obj
E:\workplace_vs\cocos2d-x-2.1.4\DiabloWorldClient\proj.win32\Debug.win32\MailWindow.obj
E:\workplace_vs\cocos2d-x-2.1.4\DiabloWorldClient\proj.win32\Debug.win32\MailWrite.obj
E:\workplace_vs\cocos2d-x-2.1.4\DiabloWorldClient\proj.win32\Debug.win32\main.obj
E:\workplace_vs\cocos2d-x-2.1.4\DiabloWorldClient\proj.win32\Debug.win32\message.obj
E:\workplace_vs\cocos2d-x-2.1.4\DiabloWorldClient\proj.win32\Debug.win32\MessageQueue.obj
E:\workplace_vs\cocos2d-x-2.1.4\DiabloWorldClient\proj.win32\Debug.win32\MyMenu.obj
E:\workplace_vs\cocos2d-x-2.1.4\DiabloWorldClient\proj.win32\Debug.win32\MyTableView.obj
E:\workplace_vs\cocos2d-x-2.1.4\DiabloWorldClient\proj.win32\Debug.win32\MyXmlParser.obj
E:\workplace_vs\cocos2d-x-2.1.4\DiabloWorldClient\proj.win32\Debug.win32\newBuZhen.obj
E:\workplace_vs\cocos2d-x-2.1.4\DiabloWorldClient\proj.win32\Debug.win32\next.obj
E:\workplace_vs\cocos2d-x-2.1.4\DiabloWorldClient\proj.win32\Debug.win32\personalinfo.obj
E:\workplace_vs\cocos2d-x-2.1.4\DiabloWorldClient\proj.win32\Debug.win32\PersonFire.obj
E:\workplace_vs\cocos2d-x-2.1.4\DiabloWorldClient\proj.win32\Debug.win32\popwindow.obj
E:\workplace_vs\cocos2d-x-2.1.4\DiabloWorldClient\proj.win32\Debug.win32\skillList.obj
E:\workplace_vs\cocos2d-x-2.1.4\DiabloWorldClient\proj.win32\Debug.win32\SocketClient.obj
E:\workplace_vs\cocos2d-x-2.1.4\DiabloWorldClient\proj.win32\Debug.win32\SocketManager.obj
E:\workplace_vs\cocos2d-x-2.1.4\DiabloWorldClient\proj.win32\Debug.win32\startAnimate.obj
E:\workplace_vs\cocos2d-x-2.1.4\DiabloWorldClient\proj.win32\Debug.win32\TeXiao.obj
E:\workplace_vs\cocos2d-x-2.1.4\DiabloWorldClient\proj.win32\Debug.win32\tiplayer.obj
E:\workplace_vs\cocos2d-x-2.1.4\DiabloWorldClient\proj.win32\Debug.win32\UserDataModel.obj
E:\workplace_vs\cocos2d-x-2.1.4\DiabloWorldClient\proj.win32\Debug.win32\Util.obj
E:\workplace_vs\cocos2d-x-2.1.4\DiabloWorldClient\proj.win32\Debug.win32\xuanren.obj
E:\workplace_vs\cocos2d-x-2.1.4\DiabloWorldClient\proj.win32\Debug.win32\zhuangtaiLoad.obj
E:\workplace_vs\cocos2d-x-2.1.4\DiabloWorldClient\proj.win32\Debug.win32\cl.command.1.tlog
E:\workplace_vs\cocos2d-x-2.1.4\DiabloWorldClient\proj.win32\Debug.win32\CL.read.1.tlog
E:\workplace_vs\cocos2d-x-2.1.4\DiabloWorldClient\proj.win32\Debug.win32\CL.write.1.tlog
E:\workplace_vs\cocos2d-x-2.1.4\DiabloWorldClient\proj.win32\Debug.win32\link-cvtres.read.1.tlog
E:\workplace_vs\cocos2d-x-2.1.4\DiabloWorldClient\proj.win32\Debug.win32\link-cvtres.write.1.tlog
E:\workplace_vs\cocos2d-x-2.1.4\DiabloWorldClient\proj.win32\Debug.win32\link-rc.read.1.tlog
E:\workplace_vs\cocos2d-x-2.1.4\DiabloWorldClient\proj.win32\Debug.win32\link-rc.write.1.tlog
E:\workplace_vs\cocos2d-x-2.1.4\DiabloWorldClient\proj.win32\Debug.win32\link.2700-cvtres.read.1.tlog
E:\workplace_vs\cocos2d-x-2.1.4\DiabloWorldClient\proj.win32\Debug.win32\link.2700-cvtres.write.1.tlog
E:\workplace_vs\cocos2d-x-2.1.4\DiabloWorldClient\proj.win32\Debug.win32\link.2700-rc.read.1.tlog
E:\workplace_vs\cocos2d-x-2.1.4\DiabloWorldClient\proj.win32\Debug.win32\link.2700-rc.write.1.tlog
E:\workplace_vs\cocos2d-x-2.1.4\DiabloWorldClient\proj.win32\Debug.win32\link.2700.read.1.tlog
E:\workplace_vs\cocos2d-x-2.1.4\DiabloWorldClient\proj.win32\Debug.win32\link.2700.write.1.tlog
E:\workplace_vs\cocos2d-x-2.1.4\DiabloWorldClient\proj.win32\Debug.win32\link.6156-cvtres.read.1.tlog
E:\workplace_vs\cocos2d-x-2.1.4\DiabloWorldClient\proj.win32\Debug.win32\link.6156-cvtres.write.1.tlog
E:\workplace_vs\cocos2d-x-2.1.4\DiabloWorldClient\proj.win32\Debug.win32\link.6156-rc.read.1.tlog
E:\workplace_vs\cocos2d-x-2.1.4\DiabloWorldClient\proj.win32\Debug.win32\link.6156-rc.write.1.tlog
E:\workplace_vs\cocos2d-x-2.1.4\DiabloWorldClient\proj.win32\Debug.win32\link.6156.read.1.tlog
E:\workplace_vs\cocos2d-x-2.1.4\DiabloWorldClient\proj.win32\Debug.win32\link.6156.write.1.tlog
E:\workplace_vs\cocos2d-x-2.1.4\DiabloWorldClient\proj.win32\Debug.win32\link.6488-cvtres.read.1.tlog
E:\workplace_vs\cocos2d-x-2.1.4\DiabloWorldClient\proj.win32\Debug.win32\link.6488-cvtres.write.1.tlog
E:\workplace_vs\cocos2d-x-2.1.4\DiabloWorldClient\proj.win32\Debug.win32\link.6488-rc.read.1.tlog
E:\workplace_vs\cocos2d-x-2.1.4\DiabloWorldClient\proj.win32\Debug.win32\link.6488-rc.write.1.tlog
E:\workplace_vs\cocos2d-x-2.1.4\DiabloWorldClient\proj.win32\Debug.win32\link.6488.read.1.tlog
E:\workplace_vs\cocos2d-x-2.1.4\DiabloWorldClient\proj.win32\Debug.win32\link.6488.write.1.tlog
E:\workplace_vs\cocos2d-x-2.1.4\DiabloWorldClient\proj.win32\Debug.win32\link.6524-cvtres.read.1.tlog
E:\workplace_vs\cocos2d-x-2.1.4\DiabloWorldClient\proj.win32\Debug.win32\link.6524-cvtres.write.1.tlog
E:\workplace_vs\cocos2d-x-2.1.4\DiabloWorldClient\proj.win32\Debug.win32\link.6524-rc.read.1.tlog
E:\workplace_vs\cocos2d-x-2.1.4\DiabloWorldClient\proj.win32\Debug.win32\link.6524-rc.write.1.tlog
E:\workplace_vs\cocos2d-x-2.1.4\DiabloWorldClient\proj.win32\Debug.win32\link.6524.read.1.tlog
E:\workplace_vs\cocos2d-x-2.1.4\DiabloWorldClient\proj.win32\Debug.win32\link.6524.write.1.tlog
E:\workplace_vs\cocos2d-x-2.1.4\DiabloWorldClient\proj.win32\Debug.win32\link.command.1.tlog
E:\workplace_vs\cocos2d-x-2.1.4\DiabloWorldClient\proj.win32\Debug.win32\link.read.1.tlog
E:\workplace_vs\cocos2d-x-2.1.4\DiabloWorldClient\proj.win32\Debug.win32\link.write.1.tlog
E:\workplace_vs\cocos2d-x-2.1.4\DiabloWorldClient\proj.win32\Debug.win32\vc110.idb
E:\workplace_vs\cocos2d-x-2.1.4\DiabloWorldClient\proj.win32\Debug.win32\vc110.pdb
E:\workplace_vs\cocos2d-x-2.1.4\Debug.win32\DiabloWorldClient.win32.pdb
E:\workplace_vs\cocos2d-x-2.1.4\Debug.win32\DiabloWorldClient.win32.exe
E:\workplace_vs\cocos2d-x-2.1.4\Debug.win32\DiabloWorldClient.win32.ilk
